<?xml version="1.0" encoding="UTF-8"?>
<testng-results ignored="0" total="1" passed="1" failed="0" skipped="0">
  <reporter-output>
  </reporter-output>
  <suite started-at="2023-04-27T15:59:01 IST" name="Default suite" finished-at="2023-04-27T15:59:25 IST" duration-ms="24505">
    <groups>
    </groups>
    <test started-at="2023-04-27T15:59:01 IST" name="Default test" finished-at="2023-04-27T15:59:25 IST" duration-ms="24505">
      <class name="day7.CE5">
        <test-method signature="Task1()[pri:0, instance:day7.CE5@73e9cf30]" started-at="2023-04-27T15:59:01 IST" name="Task1" finished-at="2023-04-27T15:59:25 IST" duration-ms="24410" status="PASS">
          <reporter-output>
          </reporter-output>
        </test-method> <!-- Task1 -->
      </class> <!-- day7.CE5 -->
    </test> <!-- Default test -->
  </suite> <!-- Default suite -->
</testng-results>
